2024-09-15 10:55:59,624 - state_machine - INFO - -40.0 > -16.0 = False
2024-09-15 10:55:59,624 - state_machine - INFO - Exiting state: IdleState
2024-09-15 10:55:59,624 - state_machine - INFO - Entering state: InitializeState
2024-09-15 10:55:59,624 - state_machine - INFO - Initializing valves...
2024-09-15 10:55:59,936 - state_machine - INFO - Entering state: StartVDFState
2024-09-15 10:55:59,936 - state_machine - INFO - Starting VDF...
2024-09-15 10:55:59,936 - state_machine - INFO - VDF frequency set to 0.
2024-09-15 10:55:59,936 - state_machine - INFO - VDF start command issued.
2024-09-15 10:55:59,946 - state_machine - INFO - Exiting state: StartVDFState
2024-09-15 10:55:59,947 - state_machine - INFO - Waiting for VDF to start...
2024-09-15 10:55:59,947 - state_machine - INFO - VDF feedback is 0, VDF started successfully.
2024-09-15 10:55:59,947 - state_machine - INFO - Entering state: AutomaticCyclingState
2024-09-15 10:56:00,959 - state_machine - INFO - Exiting state: AutomaticCyclingState
2024-09-15 10:56:05,774 - state_machine - INFO - Entering state: ReliefValvesState
2024-09-15 10:56:05,775 - state_machine - INFO - Valves RELEIFED.
2024-09-15 10:56:05,785 - state_machine - INFO - Exiting state: ReliefValvesState
2024-09-15 10:56:05,786 - state_machine - INFO - Entering state: StoppingState
2024-09-15 10:56:05,786 - state_machine - INFO - Stopping VDF...
2024-09-15 10:56:05,796 - state_machine - INFO - Exiting state: StoppingState
2024-09-15 10:56:06,798 - state_machine - INFO - Entering state: IdleState
2024-09-15 10:56:06,798 - state_machine - INFO - Valves RELIEVED.
2024-09-15 10:56:50,522 - state_machine - INFO - -48.0 > 0.0 = False
2024-09-15 10:56:50,522 - state_machine - INFO - Exiting state: IdleState
2024-09-15 10:56:50,522 - state_machine - INFO - Entering state: InitializeState
2024-09-15 10:56:50,522 - state_machine - INFO - Initializing valves...
2024-09-15 10:56:50,633 - state_machine - INFO - Entering state: StartVDFState
2024-09-15 10:56:50,634 - state_machine - INFO - Starting VDF...
2024-09-15 10:56:50,634 - state_machine - INFO - VDF frequency set to 0.
2024-09-15 10:56:50,635 - state_machine - INFO - VDF start command issued.
2024-09-15 10:56:50,645 - state_machine - INFO - Exiting state: StartVDFState
2024-09-15 10:56:50,645 - state_machine - INFO - Waiting for VDF to start...
2024-09-15 10:56:50,645 - state_machine - INFO - VDF feedback is 0, VDF started successfully.
2024-09-15 10:56:50,645 - state_machine - INFO - Entering state: AutomaticCyclingState
2024-09-15 10:56:51,658 - state_machine - INFO - Exiting state: AutomaticCyclingState
2024-09-15 10:57:07,691 - state_machine - INFO - Entering state: ReliefValvesState
2024-09-15 10:57:07,692 - state_machine - INFO - Valves RELEIFED.
2024-09-15 10:57:07,702 - state_machine - INFO - Exiting state: ReliefValvesState
2024-09-15 10:57:07,702 - state_machine - INFO - Entering state: StoppingState
2024-09-15 10:57:07,702 - state_machine - INFO - Stopping VDF...
2024-09-15 10:57:07,713 - state_machine - INFO - Exiting state: StoppingState
2024-09-15 10:57:08,713 - state_machine - INFO - Entering state: IdleState
2024-09-15 10:57:08,714 - state_machine - INFO - Valves RELIEVED.
2024-09-15 10:57:34,307 - state_machine - INFO - -64.0 > -40.0 = False
2024-09-15 10:57:34,307 - state_machine - INFO - Exiting state: IdleState
2024-09-15 10:57:34,307 - state_machine - INFO - Entering state: InitializeState
2024-09-15 10:57:34,307 - state_machine - INFO - Initializing valves...
2024-09-15 10:57:34,418 - state_machine - INFO - Entering state: StartVDFState
2024-09-15 10:57:34,418 - state_machine - INFO - Starting VDF...
2024-09-15 10:57:34,419 - state_machine - INFO - VDF frequency set to 0.
2024-09-15 10:57:34,419 - state_machine - INFO - VDF start command issued.
2024-09-15 10:57:34,429 - state_machine - INFO - Exiting state: StartVDFState
2024-09-15 10:57:34,429 - state_machine - INFO - Waiting for VDF to start...
2024-09-15 10:57:34,429 - state_machine - INFO - VDF feedback is 0, VDF started successfully.
2024-09-15 10:57:34,429 - state_machine - INFO - Entering state: AutomaticCyclingState
2024-09-15 10:57:35,441 - state_machine - INFO - Exiting state: AutomaticCyclingState
2024-09-15 10:57:35,441 - state_machine - INFO - Entering state: ReliefValvesState
2024-09-15 10:57:35,441 - state_machine - INFO - Valves RELEIFED.
2024-09-15 10:57:35,451 - state_machine - INFO - Exiting state: ReliefValvesState
2024-09-15 10:57:35,451 - state_machine - INFO - Entering state: StoppingState
2024-09-15 10:57:35,451 - state_machine - INFO - Stopping VDF...
2024-09-15 10:57:35,461 - state_machine - INFO - Exiting state: StoppingState
2024-09-15 10:57:35,462 - state_machine - INFO - Entering state: IdleState
2024-09-15 10:57:35,462 - state_machine - INFO - Valves RELIEVED.
2024-09-15 10:57:37,629 - state_machine - INFO - -64.0 > -40.0 = False
2024-09-15 10:57:37,629 - state_machine - INFO - Exiting state: IdleState
2024-09-15 10:57:37,629 - state_machine - INFO - Entering state: InitializeState
2024-09-15 10:57:37,630 - state_machine - INFO - Initializing valves...
2024-09-15 10:57:37,841 - state_machine - INFO - Entering state: StartVDFState
2024-09-15 10:57:37,841 - state_machine - INFO - Starting VDF...
2024-09-15 10:57:37,841 - state_machine - INFO - VDF frequency set to 0.
2024-09-15 10:57:37,841 - state_machine - INFO - VDF start command issued.
2024-09-15 10:57:37,851 - state_machine - INFO - Exiting state: StartVDFState
2024-09-15 10:57:37,851 - state_machine - INFO - Waiting for VDF to start...
2024-09-15 10:57:37,851 - state_machine - INFO - VDF feedback is 0, VDF started successfully.
2024-09-15 10:57:37,852 - state_machine - INFO - Entering state: AutomaticCyclingState
2024-09-15 10:57:39,865 - state_machine - INFO - Exiting state: AutomaticCyclingState
2024-09-15 10:57:58,140 - state_machine - INFO - Exiting...
2024-09-15 10:57:58,140 - state_machine - WARNING - Disconnected from MQTT broker
2024-09-15 10:57:58,299 - state_machine - INFO - Entering state: ReliefValvesState
2024-09-15 10:57:58,300 - state_machine - INFO - Valves RELEIFED.
2024-09-15 10:57:58,334 - state_machine - INFO - Disconnected from MQTT broker
2024-09-15 10:57:58,794 - state_machine - INFO - Successfully loaded config from config.json
2024-09-15 10:57:58,794 - state_machine - INFO - Connecting to MQTT broker at 192.168.1.16:1883
2024-09-15 10:57:58,794 - state_machine - INFO - Device ID: device1
2024-09-15 10:57:58,795 - state_machine - INFO - Successfully connected to MQTT broker
2024-09-15 10:57:58,795 - state_machine - INFO - Connected to MQTT broker
2024-09-15 10:57:58,795 - state_machine - INFO - subscribed to command topics
2024-09-15 10:57:58,795 - state_machine - INFO - subscribed to device1/sensors/1
2024-09-15 10:57:58,795 - state_machine - INFO - subscribed to device1/sensors/2
2024-09-15 10:57:58,795 - state_machine - INFO - subscribed to device1/sensors/3
2024-09-15 10:57:58,795 - state_machine - INFO - subscribed to device1/sensors/11
2024-09-15 10:57:58,796 - state_machine - INFO - Entering state: IdleState
2024-09-15 10:57:58,796 - state_machine - INFO - Valves RELIEVED.
2024-09-15 10:58:30,320 - state_machine - INFO - -64.0 > -40.0 = False
2024-09-15 10:58:30,320 - state_machine - INFO - Exiting state: IdleState
2024-09-15 10:58:30,320 - state_machine - INFO - Entering state: InitializeState
2024-09-15 10:58:30,320 - state_machine - INFO - Initializing valves...
2024-09-15 10:58:30,431 - state_machine - INFO - Entering state: StartVDFState
2024-09-15 10:58:30,432 - state_machine - INFO - Starting VDF...
2024-09-15 10:58:30,432 - state_machine - INFO - VDF frequency set to 0.
2024-09-15 10:58:30,432 - state_machine - INFO - VDF start command issued.
2024-09-15 10:58:30,442 - state_machine - INFO - Exiting state: StartVDFState
2024-09-15 10:58:30,443 - state_machine - INFO - Waiting for VDF to start...
2024-09-15 10:58:30,543 - state_machine - INFO - VDF feedback is 0, VDF started successfully.
2024-09-15 10:58:30,543 - state_machine - INFO - Entering state: AutomaticCyclingState
2024-09-15 10:59:55,204 - state_machine - INFO - Exiting...
2024-09-15 10:59:55,204 - state_machine - WARNING - Disconnected from MQTT broker
2024-09-15 10:59:55,318 - state_machine - INFO - Disconnected from MQTT broker
2024-09-15 10:59:55,730 - state_machine - INFO - Successfully loaded config from config.json
2024-09-15 10:59:55,730 - state_machine - INFO - Connecting to MQTT broker at 192.168.1.16:1883
2024-09-15 10:59:55,730 - state_machine - INFO - Device ID: device1
2024-09-15 10:59:55,731 - state_machine - INFO - Successfully connected to MQTT broker
2024-09-15 10:59:55,731 - state_machine - INFO - Connected to MQTT broker
2024-09-15 10:59:55,731 - state_machine - INFO - subscribed to command topics
2024-09-15 10:59:55,732 - state_machine - INFO - subscribed to device1/sensors/1
2024-09-15 10:59:55,732 - state_machine - INFO - subscribed to device1/sensors/2
2024-09-15 10:59:55,732 - state_machine - INFO - subscribed to device1/sensors/3
2024-09-15 10:59:55,732 - state_machine - INFO - subscribed to device1/sensors/11
2024-09-15 10:59:55,732 - state_machine - INFO - Entering state: IdleState
2024-09-15 10:59:55,732 - state_machine - INFO - Valves RELIEVED.
2024-09-15 11:00:35,175 - state_machine - INFO - Exiting...
2024-09-15 11:00:35,175 - state_machine - WARNING - Disconnected from MQTT broker
2024-09-15 11:00:35,195 - state_machine - INFO - Disconnected from MQTT broker
2024-09-15 11:00:42,000 - state_machine - INFO - Successfully loaded config from config.json
2024-09-15 11:00:42,000 - state_machine - INFO - Connecting to MQTT broker at 192.168.1.16:1883
2024-09-15 11:00:42,000 - state_machine - INFO - Device ID: device1
2024-09-15 11:00:42,001 - state_machine - INFO - Successfully connected to MQTT broker
2024-09-15 11:00:42,002 - state_machine - INFO - Connected to MQTT broker
2024-09-15 11:00:42,002 - state_machine - INFO - subscribed to command topics
2024-09-15 11:00:42,002 - state_machine - INFO - subscribed to device1/sensors/1
2024-09-15 11:00:42,002 - state_machine - INFO - subscribed to device1/sensors/2
2024-09-15 11:00:42,002 - state_machine - INFO - subscribed to device1/sensors/3
2024-09-15 11:00:42,002 - state_machine - INFO - subscribed to device1/sensors/11
2024-09-15 11:00:42,003 - state_machine - INFO - Entering state: IdleState
2024-09-15 11:00:42,003 - state_machine - INFO - Valves RELIEVED.
2024-09-15 11:00:59,710 - state_machine - INFO - Exiting...
2024-09-15 11:00:59,711 - state_machine - WARNING - Disconnected from MQTT broker
2024-09-15 11:00:59,766 - state_machine - INFO - Disconnected from MQTT broker
2024-09-15 11:01:32,871 - state_machine - INFO - Successfully loaded config from config.json
2024-09-15 11:01:32,871 - state_machine - INFO - Connecting to MQTT broker at 192.168.1.16:1883
2024-09-15 11:01:32,871 - state_machine - INFO - Device ID: device1
2024-09-15 11:01:32,872 - state_machine - INFO - Successfully connected to MQTT broker
2024-09-15 11:01:32,873 - state_machine - INFO - Connected to MQTT broker
2024-09-15 11:01:32,873 - state_machine - INFO - subscribed to command topics
2024-09-15 11:01:32,873 - state_machine - INFO - subscribed to device1/sensors/1
2024-09-15 11:01:32,873 - state_machine - INFO - subscribed to device1/sensors/2
2024-09-15 11:01:32,873 - state_machine - INFO - subscribed to device1/sensors/3
2024-09-15 11:01:32,873 - state_machine - INFO - subscribed to device1/sensors/11
2024-09-15 11:01:32,873 - state_machine - INFO - Entering state: IdleState
2024-09-15 11:01:32,873 - state_machine - INFO - Valves RELIEVED.
2024-09-15 11:01:42,796 - state_machine - INFO - 35.0 > 10.0 = True
2024-09-15 11:01:42,797 - state_machine - INFO - Exiting state: IdleState
2024-09-15 11:01:42,797 - state_machine - INFO - Entering state: InitializeState
2024-09-15 11:01:42,797 - state_machine - INFO - Initializing valves...
2024-09-15 11:01:43,008 - state_machine - INFO - Entering state: StartVDFState
2024-09-15 11:01:43,008 - state_machine - INFO - Starting VDF...
2024-09-15 11:01:43,008 - state_machine - INFO - VDF frequency set to 0.
2024-09-15 11:01:43,008 - state_machine - INFO - VDF start command issued.
2024-09-15 11:01:43,018 - state_machine - INFO - Exiting state: StartVDFState
2024-09-15 11:01:43,018 - state_machine - INFO - Waiting for VDF to start...
2024-09-15 11:01:43,018 - state_machine - INFO - VDF feedback is 0, VDF started successfully.
2024-09-15 11:01:43,019 - state_machine - INFO - Entering state: AutomaticCyclingState
2024-09-15 11:02:25,021 - state_machine - INFO - Exiting...
2024-09-15 11:02:25,021 - state_machine - WARNING - Disconnected from MQTT broker
2024-09-15 11:02:25,255 - state_machine - INFO - Disconnected from MQTT broker
2024-09-15 11:02:30,871 - state_machine - INFO - Successfully loaded config from config.json
2024-09-15 11:02:30,871 - state_machine - INFO - Connecting to MQTT broker at 192.168.1.16:1883
2024-09-15 11:02:30,871 - state_machine - INFO - Device ID: device1
2024-09-15 11:02:30,872 - state_machine - INFO - Successfully connected to MQTT broker
2024-09-15 11:02:30,873 - state_machine - INFO - Connected to MQTT broker
2024-09-15 11:02:30,873 - state_machine - INFO - subscribed to command topics
2024-09-15 11:02:30,873 - state_machine - INFO - subscribed to device1/sensors/1
2024-09-15 11:02:30,873 - state_machine - INFO - subscribed to device1/sensors/2
2024-09-15 11:02:30,873 - state_machine - INFO - subscribed to device1/sensors/3
2024-09-15 11:02:30,873 - state_machine - INFO - subscribed to device1/sensors/11
2024-09-15 11:02:30,874 - state_machine - INFO - Entering state: IdleState
2024-09-15 11:02:30,874 - state_machine - INFO - Valves RELIEVED.
2024-09-15 11:02:38,045 - state_machine - INFO - 35.0 > 16.0 = True
2024-09-15 11:02:38,045 - state_machine - INFO - Exiting state: IdleState
2024-09-15 11:02:38,045 - state_machine - INFO - Entering state: InitializeState
2024-09-15 11:02:38,045 - state_machine - INFO - Initializing valves...
2024-09-15 11:02:38,156 - state_machine - INFO - Entering state: StartVDFState
2024-09-15 11:02:38,156 - state_machine - INFO - Starting VDF...
2024-09-15 11:02:38,157 - state_machine - INFO - VDF frequency set to 0.
2024-09-15 11:02:38,157 - state_machine - INFO - VDF start command issued.
2024-09-15 11:02:38,167 - state_machine - INFO - Exiting state: StartVDFState
2024-09-15 11:02:38,167 - state_machine - INFO - Waiting for VDF to start...
2024-09-15 11:02:38,167 - state_machine - INFO - VDF feedback is 0, VDF started successfully.
2024-09-15 11:02:38,167 - state_machine - INFO - Entering state: AutomaticCyclingState
2024-09-15 11:06:07,880 - state_machine - INFO - Exiting...
2024-09-15 11:06:07,881 - state_machine - WARNING - Disconnected from MQTT broker
2024-09-15 11:06:08,180 - state_machine - INFO - Disconnected from MQTT broker
2024-09-15 11:06:10,809 - state_machine - INFO - Successfully loaded config from config.json
2024-09-15 11:06:10,810 - state_machine - INFO - Connecting to MQTT broker at 192.168.1.16:1883
2024-09-15 11:06:10,810 - state_machine - INFO - Device ID: device1
2024-09-15 11:06:10,811 - state_machine - INFO - Successfully connected to MQTT broker
2024-09-15 11:06:10,811 - state_machine - INFO - Connected to MQTT broker
2024-09-15 11:06:10,812 - state_machine - INFO - subscribed to command topics
2024-09-15 11:06:10,812 - state_machine - INFO - subscribed to device1/sensors/1
2024-09-15 11:06:10,812 - state_machine - INFO - subscribed to device1/sensors/2
2024-09-15 11:06:10,812 - state_machine - INFO - subscribed to device1/sensors/3
2024-09-15 11:06:10,812 - state_machine - INFO - subscribed to device1/sensors/11
2024-09-15 11:06:10,812 - state_machine - INFO - Entering state: IdleState
2024-09-15 11:06:10,812 - state_machine - INFO - Valves RELIEVED.
2024-09-15 11:06:15,494 - state_machine - INFO - 35.0 > 16.0 = True
2024-09-15 11:06:15,495 - state_machine - INFO - Exiting state: IdleState
2024-09-15 11:06:15,495 - state_machine - INFO - Entering state: InitializeState
2024-09-15 11:06:15,495 - state_machine - INFO - Initializing valves...
2024-09-15 11:06:15,707 - state_machine - INFO - Entering state: StartVDFState
2024-09-15 11:06:15,707 - state_machine - INFO - Starting VDF...
2024-09-15 11:06:15,708 - state_machine - INFO - VDF frequency set to 0.
2024-09-15 11:06:15,708 - state_machine - INFO - VDF start command issued.
2024-09-15 11:06:15,718 - state_machine - INFO - Exiting state: StartVDFState
2024-09-15 11:06:15,719 - state_machine - INFO - Waiting for VDF to start...
2024-09-15 11:06:15,719 - state_machine - INFO - VDF feedback is 0, VDF initialized successfully.
2024-09-15 11:06:15,719 - state_machine - INFO - Entering state: AutomaticCyclingState
2024-09-15 11:06:32,773 - state_machine - INFO - Exiting...
2024-09-15 11:06:32,773 - state_machine - WARNING - Disconnected from MQTT broker
2024-09-15 11:06:32,785 - state_machine - INFO - Disconnected from MQTT broker
2024-09-15 11:06:36,101 - state_machine - INFO - Successfully loaded config from config.json
2024-09-15 11:06:36,101 - state_machine - INFO - Connecting to MQTT broker at 192.168.1.16:1883
2024-09-15 11:06:36,101 - state_machine - INFO - Device ID: device1
2024-09-15 11:06:36,102 - state_machine - INFO - Successfully connected to MQTT broker
2024-09-15 11:06:36,103 - state_machine - INFO - Connected to MQTT broker
2024-09-15 11:06:36,103 - state_machine - INFO - subscribed to command topics
2024-09-15 11:06:36,103 - state_machine - INFO - subscribed to device1/sensors/1
2024-09-15 11:06:36,103 - state_machine - INFO - subscribed to device1/sensors/2
2024-09-15 11:06:36,103 - state_machine - INFO - subscribed to device1/sensors/3
2024-09-15 11:06:36,103 - state_machine - INFO - subscribed to device1/sensors/11
2024-09-15 11:06:36,103 - state_machine - INFO - Entering state: IdleState
2024-09-15 11:06:36,103 - state_machine - INFO - Valves RELIEVED.
2024-09-15 11:06:38,647 - state_machine - INFO - 35.0 > 16.0 = True
2024-09-15 11:06:38,647 - state_machine - INFO - Exiting state: IdleState
2024-09-15 11:06:38,647 - state_machine - INFO - Entering state: InitializeState
2024-09-15 11:06:38,647 - state_machine - INFO - Initializing valves...
2024-09-15 11:06:38,759 - state_machine - INFO - Entering state: StartVDFState
2024-09-15 11:06:38,759 - state_machine - INFO - Starting VDF...
2024-09-15 11:06:38,759 - state_machine - INFO - VDF frequency set to 0.
2024-09-15 11:06:38,759 - state_machine - INFO - VDF start command issued.
2024-09-15 11:06:38,770 - state_machine - INFO - Exiting state: StartVDFState
2024-09-15 11:06:38,770 - state_machine - INFO - Waiting for VDF to start...
2024-09-15 11:06:38,770 - state_machine - INFO - VDF feedback is 0, VDF initialized successfully.
2024-09-15 11:06:38,770 - state_machine - INFO - Entering state: AutomaticCyclingState
2024-09-15 11:08:19,620 - state_machine - INFO - Exiting...
2024-09-15 11:08:19,621 - state_machine - WARNING - Disconnected from MQTT broker
2024-09-15 11:08:19,624 - state_machine - INFO - Disconnected from MQTT broker
2024-09-15 11:08:25,328 - state_machine - INFO - Successfully loaded config from config.json
2024-09-15 11:08:25,329 - state_machine - INFO - Connecting to MQTT broker at 192.168.1.16:1883
2024-09-15 11:08:25,329 - state_machine - INFO - Device ID: device1
2024-09-15 11:08:25,331 - state_machine - INFO - Successfully connected to MQTT broker
2024-09-15 11:08:25,331 - state_machine - INFO - Connected to MQTT broker
2024-09-15 11:08:25,331 - state_machine - INFO - subscribed to command topics
2024-09-15 11:08:25,331 - state_machine - INFO - subscribed to device1/sensors/1
2024-09-15 11:08:25,331 - state_machine - INFO - subscribed to device1/sensors/2
2024-09-15 11:08:25,331 - state_machine - INFO - subscribed to device1/sensors/3
2024-09-15 11:08:25,331 - state_machine - INFO - subscribed to device1/sensors/11
2024-09-15 11:08:25,332 - state_machine - INFO - Entering state: IdleState
2024-09-15 11:08:25,332 - state_machine - INFO - Valves RELIEVED.
2024-09-15 11:08:45,551 - state_machine - INFO - 35.0 > 16.0 = True
2024-09-15 11:08:45,551 - state_machine - INFO - Exiting state: IdleState
2024-09-15 11:08:45,551 - state_machine - INFO - Entering state: InitializeState
2024-09-15 11:08:45,551 - state_machine - INFO - Initializing valves...
2024-09-15 11:08:45,662 - state_machine - INFO - Entering state: StartVDFState
2024-09-15 11:08:45,663 - state_machine - INFO - Starting VDF...
2024-09-15 11:08:45,663 - state_machine - INFO - VDF frequency set to 0.
2024-09-15 11:08:45,663 - state_machine - INFO - VDF start command issued.
2024-09-15 11:08:45,673 - state_machine - INFO - Exiting state: StartVDFState
2024-09-15 11:08:45,674 - state_machine - INFO - Waiting for VDF to start...
2024-09-15 11:08:45,674 - state_machine - INFO - VDF feedback is 0, VDF initialized successfully.
2024-09-15 11:08:45,674 - state_machine - INFO - Entering state: AutomaticCyclingState
2024-09-15 11:11:26,188 - state_machine - INFO - Exiting...
2024-09-15 11:11:26,188 - state_machine - WARNING - Disconnected from MQTT broker
2024-09-15 11:11:26,422 - state_machine - INFO - Disconnected from MQTT broker
2024-09-15 11:11:26,791 - state_machine - INFO - Successfully loaded config from config.json
2024-09-15 11:11:26,791 - state_machine - INFO - Connecting to MQTT broker at 192.168.1.16:1883
2024-09-15 11:11:26,791 - state_machine - INFO - Device ID: device1
2024-09-15 11:11:26,792 - state_machine - INFO - Successfully connected to MQTT broker
2024-09-15 11:11:26,793 - state_machine - INFO - Connected to MQTT broker
2024-09-15 11:11:26,793 - state_machine - INFO - subscribed to command topics
2024-09-15 11:11:26,793 - state_machine - INFO - subscribed to device1/sensors/1
2024-09-15 11:11:26,793 - state_machine - INFO - subscribed to device1/sensors/2
2024-09-15 11:11:26,793 - state_machine - INFO - subscribed to device1/sensors/3
2024-09-15 11:11:26,794 - state_machine - INFO - subscribed to device1/sensors/11
2024-09-15 11:11:26,794 - state_machine - INFO - Entering state: IdleState
2024-09-15 11:11:26,794 - state_machine - INFO - Valves RELIEVED.
2024-09-15 11:13:39,189 - state_machine - INFO - Exiting...
2024-09-15 11:13:39,190 - state_machine - WARNING - Disconnected from MQTT broker
2024-09-15 11:13:39,445 - state_machine - INFO - Disconnected from MQTT broker
2024-09-15 11:13:39,925 - state_machine - INFO - Successfully loaded config from config.json
2024-09-15 11:13:39,925 - state_machine - INFO - Connecting to MQTT broker at 192.168.1.16:1883
2024-09-15 11:13:39,925 - state_machine - INFO - Device ID: device1
2024-09-15 11:13:39,927 - state_machine - INFO - Successfully connected to MQTT broker
2024-09-15 11:13:39,927 - state_machine - INFO - Connected to MQTT broker
2024-09-15 11:13:39,927 - state_machine - INFO - subscribed to command topics
2024-09-15 11:13:39,927 - state_machine - INFO - subscribed to device1/sensors/1
2024-09-15 11:13:39,927 - state_machine - INFO - subscribed to device1/sensors/2
2024-09-15 11:13:39,927 - state_machine - INFO - subscribed to device1/sensors/3
2024-09-15 11:13:39,927 - state_machine - INFO - subscribed to device1/sensors/11
2024-09-15 11:13:39,928 - state_machine - INFO - Entering state: IdleState
2024-09-15 11:13:39,928 - state_machine - INFO - Valves RELIEVED.
2024-09-15 11:13:46,796 - state_machine - INFO - 35.0 > 16.0 = True
2024-09-15 11:13:46,796 - state_machine - INFO - Exiting state: IdleState
2024-09-15 11:13:46,796 - state_machine - INFO - Entering state: InitializeState
2024-09-15 11:13:46,796 - state_machine - INFO - Initializing valves...
2024-09-15 11:13:47,008 - state_machine - INFO - Entering state: StartVDFState
2024-09-15 11:13:47,008 - state_machine - INFO - Starting VDF...
2024-09-15 11:13:47,008 - state_machine - INFO - VDF frequency set to 0.
2024-09-15 11:13:47,009 - state_machine - INFO - VDF start command issued.
2024-09-15 11:13:47,019 - state_machine - INFO - Exiting state: StartVDFState
2024-09-15 11:13:47,019 - state_machine - INFO - Waiting for VDF to start...
2024-09-15 11:13:47,019 - state_machine - INFO - VDF feedback is 0, VDF initialized successfully.
2024-09-15 11:13:47,019 - state_machine - INFO - Entering state: AutomaticCyclingState
2024-09-15 11:14:32,059 - state_machine - INFO - Exiting...
2024-09-15 11:14:32,059 - state_machine - WARNING - Disconnected from MQTT broker
2024-09-15 11:14:32,299 - state_machine - INFO - Disconnected from MQTT broker
2024-09-15 11:14:32,710 - state_machine - INFO - Successfully loaded config from config.json
2024-09-15 11:14:32,710 - state_machine - INFO - Connecting to MQTT broker at 192.168.1.16:1883
2024-09-15 11:14:32,710 - state_machine - INFO - Device ID: device1
2024-09-15 11:14:32,712 - state_machine - INFO - Successfully connected to MQTT broker
2024-09-15 11:14:32,713 - state_machine - INFO - Connected to MQTT broker
2024-09-15 11:14:32,713 - state_machine - INFO - subscribed to command topics
2024-09-15 11:14:32,713 - state_machine - INFO - subscribed to device1/sensors/1
2024-09-15 11:14:32,713 - state_machine - INFO - subscribed to device1/sensors/2
2024-09-15 11:14:32,713 - state_machine - INFO - subscribed to device1/sensors/3
2024-09-15 11:14:32,713 - state_machine - INFO - subscribed to device1/sensors/11
2024-09-15 11:14:32,714 - state_machine - INFO - Entering state: IdleState
2024-09-15 11:14:32,714 - state_machine - INFO - Valves RELIEVED.
2024-09-15 11:14:53,590 - state_machine - INFO - Exiting...
2024-09-15 11:14:53,591 - state_machine - WARNING - Disconnected from MQTT broker
2024-09-15 11:14:53,783 - state_machine - INFO - Disconnected from MQTT broker
2024-09-15 11:14:54,174 - state_machine - INFO - Successfully loaded config from config.json
2024-09-15 11:14:54,175 - state_machine - INFO - Connecting to MQTT broker at 192.168.1.16:1883
2024-09-15 11:14:54,175 - state_machine - INFO - Device ID: device1
2024-09-15 11:14:54,176 - state_machine - INFO - Successfully connected to MQTT broker
2024-09-15 11:14:54,177 - state_machine - INFO - Connected to MQTT broker
2024-09-15 11:14:54,177 - state_machine - INFO - subscribed to command topics
2024-09-15 11:14:54,177 - state_machine - INFO - subscribed to device1/sensors/1
2024-09-15 11:14:54,177 - state_machine - INFO - subscribed to device1/sensors/2
2024-09-15 11:14:54,177 - state_machine - INFO - subscribed to device1/sensors/3
2024-09-15 11:14:54,177 - state_machine - INFO - subscribed to device1/sensors/11
2024-09-15 11:14:54,177 - state_machine - INFO - Entering state: IdleState
2024-09-15 11:14:54,178 - state_machine - INFO - Valves RELIEVED.
2024-09-15 11:16:24,866 - state_machine - INFO - Exiting...
2024-09-15 11:16:24,867 - state_machine - WARNING - Disconnected from MQTT broker
2024-09-15 11:16:25,059 - state_machine - INFO - Disconnected from MQTT broker
2024-09-15 11:16:29,889 - state_machine - INFO - Successfully loaded config from config.json
2024-09-15 11:16:29,889 - state_machine - INFO - Connecting to MQTT broker at 192.168.1.16:1883
2024-09-15 11:16:29,889 - state_machine - INFO - Device ID: device1
2024-09-15 11:16:29,890 - state_machine - INFO - Successfully connected to MQTT broker
2024-09-15 11:16:29,891 - state_machine - INFO - Connected to MQTT broker
2024-09-15 11:16:29,891 - state_machine - INFO - subscribed to command topics
2024-09-15 11:16:29,891 - state_machine - INFO - subscribed to device1/sensors/1
2024-09-15 11:16:29,891 - state_machine - INFO - subscribed to device1/sensors/2
2024-09-15 11:16:29,891 - state_machine - INFO - subscribed to device1/sensors/3
2024-09-15 11:16:29,891 - state_machine - INFO - subscribed to device1/sensors/11
2024-09-15 11:16:29,892 - state_machine - INFO - Entering state: IdleState
2024-09-15 11:16:29,892 - state_machine - INFO - Valves RELIEVED.
2024-09-15 11:16:38,499 - state_machine - INFO - 35.0 > 16.0 = True
2024-09-15 11:16:38,499 - state_machine - INFO - Exiting state: IdleState
2024-09-15 11:16:38,499 - state_machine - INFO - Entering state: InitializeState
2024-09-15 11:16:38,499 - state_machine - INFO - Initializing valves...
2024-09-15 11:16:38,710 - state_machine - INFO - Entering state: StartVDFState
2024-09-15 11:16:38,711 - state_machine - INFO - Starting VDF...
2024-09-15 11:16:38,711 - state_machine - INFO - VDF frequency set to 0.
2024-09-15 11:16:38,711 - state_machine - INFO - VDF start command issued.
2024-09-15 11:16:38,722 - state_machine - INFO - Exiting state: StartVDFState
2024-09-15 11:16:38,722 - state_machine - INFO - Waiting for VDF to start...
2024-09-15 11:16:38,722 - state_machine - INFO - VDF feedback is 0, VDF initialized successfully.
2024-09-15 11:16:38,722 - state_machine - INFO - Entering state: AutomaticCyclingState
2024-09-15 11:16:39,735 - state_machine - INFO - Exiting state: AutomaticCyclingState
2024-09-15 11:16:43,744 - state_machine - INFO - Entering state: ReliefValvesState
2024-09-15 11:16:43,744 - state_machine - INFO - Valves RELEIFED.
2024-09-15 11:16:43,755 - state_machine - INFO - Exiting state: ReliefValvesState
2024-09-15 11:16:43,755 - state_machine - INFO - Entering state: StoppingState
2024-09-15 11:16:43,755 - state_machine - INFO - Stopping VDF...
2024-09-15 11:16:43,765 - state_machine - INFO - Exiting state: StoppingState
2024-09-15 11:16:43,766 - state_machine - INFO - Entering state: IdleState
2024-09-15 11:16:43,766 - state_machine - WARNING - Task is safe to delete
2024-09-15 11:16:43,766 - state_machine - INFO - Valves RELIEVED.
2024-09-15 11:17:18,828 - state_machine - INFO - -40.0 > -16.0 = False
2024-09-15 11:17:18,829 - state_machine - INFO - Exiting state: IdleState
2024-09-15 11:17:18,829 - state_machine - INFO - Entering state: InitializeState
2024-09-15 11:17:18,829 - state_machine - INFO - Initializing valves...
2024-09-15 11:17:19,040 - state_machine - INFO - Entering state: StartVDFState
2024-09-15 11:17:19,041 - state_machine - INFO - Starting VDF...
2024-09-15 11:17:19,041 - state_machine - INFO - VDF frequency set to 0.
2024-09-15 11:17:19,042 - state_machine - INFO - VDF start command issued.
2024-09-15 11:17:19,052 - state_machine - INFO - Exiting state: StartVDFState
2024-09-15 11:17:19,052 - state_machine - INFO - Waiting for VDF to start...
2024-09-15 11:17:19,052 - state_machine - INFO - VDF feedback is 0, VDF initialized successfully.
2024-09-15 11:17:19,052 - state_machine - INFO - Entering state: AutomaticCyclingState
2024-09-15 11:17:20,065 - state_machine - INFO - Exiting state: AutomaticCyclingState
2024-09-15 11:17:26,570 - state_machine - INFO - Exiting...
2024-09-15 11:17:26,571 - state_machine - WARNING - Disconnected from MQTT broker
2024-09-15 11:17:26,806 - state_machine - INFO - Disconnected from MQTT broker
2024-09-15 11:17:27,278 - state_machine - INFO - Entering state: ReliefValvesState
2024-09-15 11:17:27,278 - state_machine - INFO - Valves RELEIFED.
2024-09-15 11:17:29,829 - state_machine - INFO - Successfully loaded config from config.json
2024-09-15 11:17:29,829 - state_machine - INFO - Connecting to MQTT broker at 192.168.1.16:1883
2024-09-15 11:17:29,829 - state_machine - INFO - Device ID: device1
2024-09-15 11:17:29,830 - state_machine - INFO - Successfully connected to MQTT broker
2024-09-15 11:17:29,830 - state_machine - INFO - Connected to MQTT broker
2024-09-15 11:17:29,831 - state_machine - INFO - subscribed to command topics
2024-09-15 11:17:29,831 - state_machine - INFO - subscribed to device1/sensors/1
2024-09-15 11:17:29,831 - state_machine - INFO - subscribed to device1/sensors/2
2024-09-15 11:17:29,831 - state_machine - INFO - subscribed to device1/sensors/3
2024-09-15 11:17:29,831 - state_machine - INFO - subscribed to device1/sensors/11
2024-09-15 11:17:29,831 - state_machine - INFO - Entering state: IdleState
2024-09-15 11:17:29,831 - state_machine - INFO - Valves RELIEVED.
2024-09-15 11:17:37,098 - state_machine - INFO - -40.0 > -16.0 = False
2024-09-15 11:17:37,098 - state_machine - INFO - Exiting state: IdleState
2024-09-15 11:17:37,098 - state_machine - INFO - Entering state: InitializeState
2024-09-15 11:17:37,098 - state_machine - INFO - Initializing valves...
2024-09-15 11:17:37,409 - state_machine - INFO - Entering state: StartVDFState
2024-09-15 11:17:37,409 - state_machine - INFO - Starting VDF...
2024-09-15 11:17:37,410 - state_machine - INFO - VDF frequency set to 0.
2024-09-15 11:17:37,410 - state_machine - INFO - VDF start command issued.
2024-09-15 11:17:37,420 - state_machine - INFO - Exiting state: StartVDFState
2024-09-15 11:17:37,420 - state_machine - INFO - Waiting for VDF to start...
2024-09-15 11:17:37,420 - state_machine - INFO - VDF feedback is 0, VDF initialized successfully.
2024-09-15 11:17:37,420 - state_machine - INFO - Entering state: AutomaticCyclingState
2024-09-15 11:17:38,433 - state_machine - INFO - Exiting state: AutomaticCyclingState
2024-09-15 11:17:51,261 - state_machine - INFO - Entering state: ReliefValvesState
2024-09-15 11:17:51,262 - state_machine - INFO - Valves RELEIFED.
2024-09-15 11:17:51,272 - state_machine - INFO - Exiting state: ReliefValvesState
2024-09-15 11:17:51,272 - state_machine - INFO - Entering state: StoppingState
2024-09-15 11:17:51,272 - state_machine - INFO - Stopping VDF...
2024-09-15 11:17:51,283 - state_machine - INFO - Exiting state: StoppingState
2024-09-15 11:17:51,283 - state_machine - INFO - Entering state: IdleState
2024-09-15 11:17:51,283 - state_machine - WARNING - Task is safe to delete
2024-09-15 11:17:51,284 - state_machine - INFO - Valves RELIEVED.
2024-09-15 11:17:56,440 - state_machine - INFO - -40.0 > -16.0 = False
2024-09-15 11:17:56,440 - state_machine - INFO - Exiting state: IdleState
2024-09-15 11:17:56,440 - state_machine - INFO - Entering state: InitializeState
2024-09-15 11:17:56,440 - state_machine - INFO - Initializing valves...
2024-09-15 11:17:56,652 - state_machine - INFO - Entering state: StartVDFState
2024-09-15 11:17:56,652 - state_machine - INFO - Starting VDF...
2024-09-15 11:17:56,653 - state_machine - INFO - VDF frequency set to 0.
2024-09-15 11:17:56,653 - state_machine - INFO - VDF start command issued.
2024-09-15 11:17:56,663 - state_machine - INFO - Exiting state: StartVDFState
2024-09-15 11:17:56,663 - state_machine - INFO - Waiting for VDF to start...
2024-09-15 11:17:56,663 - state_machine - INFO - VDF feedback is 0, VDF initialized successfully.
2024-09-15 11:17:56,663 - state_machine - INFO - Entering state: AutomaticCyclingState
2024-09-15 11:17:56,674 - state_machine - INFO - Exiting state: AutomaticCyclingState
2024-09-15 11:17:59,080 - state_machine - INFO - Entering state: ReliefValvesState
2024-09-15 11:17:59,081 - state_machine - INFO - Valves RELEIFED.
2024-09-15 11:17:59,092 - state_machine - INFO - Exiting state: ReliefValvesState
2024-09-15 11:17:59,092 - state_machine - INFO - Entering state: StoppingState
2024-09-15 11:17:59,092 - state_machine - INFO - Stopping VDF...
2024-09-15 11:17:59,102 - state_machine - INFO - Exiting state: StoppingState
2024-09-15 11:17:59,103 - state_machine - INFO - Entering state: IdleState
2024-09-15 11:17:59,104 - state_machine - INFO - Valves RELIEVED.
